<?xml version="1.0" encoding="UTF-8"?>
<testsuite name="com.stepdefinitions.RunCakeTest" time="21.335" tests="38" errors="0" skipped="0" failures="0">
  <properties>
[...]
</properties>
  <testcase name="Obtain all courses for to see" classname="I need see my courses with the GET method" time="1.998"/>
  <testcase name="Update all courses from endpoint" classname="at-university-api-qe update operation" time="0.295"/>
  <testcase name="Update courses usign an id as capital letters" classname="at-university-api-qe update operation" time="0.196"/>
  <testcase name="Update courses usign an id as numeric" classname="at-university-api-qe update operation" time="0.173"/>
  <testcase name="Update courses usign an id as boolean" classname="at-university-api-qe update operation" time="0.164"/>
  <testcase name="Update courses usign an id as null" classname="at-university-api-qe update operation" time="0.251"/>
  <testcase name="Update cousers usign an category as capital letters" classname="at-university-api-qe update operation" time="0.151"/>
  <testcase name="Update cousers usign an category as numeric" classname="at-university-api-qe update operation" time="0.178"/>
  <testcase name="Update cousers usign an category as boolean" classname="at-university-api-qe update operation" time="0.233"/>
  <testcase name="Update cousers usign an category as null" classname="at-university-api-qe update operation" time="0.147"/>
  <testcase name="Update courses usign an title as capital letters" classname="at-university-api-qe update operation" time="0.188"/>
  <testcase name="Update courses usign an title as numeric" classname="at-university-api-qe update operation" time="0.165"/>
  <testcase name="Update courses usign an title as boolean" classname="at-university-api-qe update operation" time="0.214"/>
  <testcase name="Update courses usign an title as null" classname="at-university-api-qe update operation" time="0.168"/>
  <testcase name="Update courses usign an description as capital letters" classname="at-university-api-qe update operation" time="0.206"/>
  <testcase name="Update courses usign an description as numeric" classname="at-university-api-qe update operation" time="0.199"/>
  <testcase name="Update courses usign an description as boolean" classname="at-university-api-qe update operation" time="0.198"/>
  <testcase name="Update courses usign an description as null" classname="at-university-api-qe update operation" time="0.199"/>
  <testcase name="Update courses usign an img as capital letters" classname="at-university-api-qe update operation" time="0.59"/>
  <testcase name="Update courses usign an img as numeric" classname="at-university-api-qe update operation" time="0.181"/>
  <testcase name="Update courses usign an img as boolean" classname="at-university-api-qe update operation" time="0.163"/>
  <testcase name="Update courses usign an img as null" classname="at-university-api-qe update operation" time="0.217"/>
  <testcase name="Update courses usign an status as capital letters" classname="at-university-api-qe update operation" time="0.169"/>
  <testcase name="Update courses usign an status as numeric" classname="at-university-api-qe update operation" time="0.181"/>
  <testcase name="Update courses usign an status as boolean" classname="at-university-api-qe update operation" time="0.913"/>
  <testcase name="Update courses usign an status as null" classname="at-university-api-qe update operation" time="1.509"/>
  <testcase name="The API Recived a delete method with ID" classname="Create Delete operation to delete a course by &quot;_ID&quot; on mongoDB" time="1.113"/>
  <testcase name="The API Recived a delete method with random ID" classname="Create Delete operation to delete a course by &quot;_ID&quot; on mongoDB" time="0.482"/>
  <testcase name="The API Recived a delete method with ID and category" classname="Create Delete operation to delete a course by &quot;_ID&quot; on mongoDB" time="2.308"/>
  <testcase name="The API Recived a delete method with ID and status" classname="Create Delete operation to delete a course by &quot;_ID&quot; on mongoDB" time="1.41"/>
  <testcase name="The API Recived a delete method with description and title" classname="Create Delete operation to delete a course by &quot;_ID&quot; on mongoDB" time="4.106"/>
  <testcase name="Create new course with all data with the category is incorrect" classname="In order to test API Post method" time="0.33"/>
  <testcase name="Create new course with all data with the title is empty" classname="In order to test API Post method" time="0.3"/>
  <testcase name="Create new course with all data with the status is teen" classname="In order to test API Post method" time="0.316"/>
  <testcase name="Create new course with all data with the title is space blank" classname="In order to test API Post method" time="0.544"/>
  <testcase name="The API recived a Post method whit only category title status tabs" classname="In order to test API Post method" time="0.713"/>
  <testcase name="The API recived a Post method whit only title status description img tabs" classname="In order to test API Post method" time="0.242"/>
  <testcase name="The API recived a post method whit category in lower and upper case" classname="In order to test API Post method" time="0.225"/>
</testsuite>